Determining if the pthread_create exist failed with the following output:
Change Dir: /home/saurav/Documents/Dev/TrinityBot/robot_ws/build/CMakeFiles/CMakeTmp

Run Build Command:"/usr/bin/make" "cmTC_ec0cd/fast"
/usr/bin/make -f CMakeFiles/cmTC_ec0cd.dir/build.make CMakeFiles/cmTC_ec0cd.dir/build
make[1]: Entering directory '/home/saurav/Documents/Dev/TrinityBot/robot_ws/build/CMakeFiles/CMakeTmp'
Building C object CMakeFiles/cmTC_ec0cd.dir/CheckSymbolExists.c.o
/usr/bin/cc    -o CMakeFiles/cmTC_ec0cd.dir/CheckSymbolExists.c.o   -c /home/saurav/Documents/Dev/TrinityBot/robot_ws/build/CMakeFiles/CMakeTmp/CheckSymbolExists.c
Linking C executable cmTC_ec0cd
/usr/bin/cmake -E cmake_link_script CMakeFiles/cmTC_ec0cd.dir/link.txt --verbose=1
/usr/bin/cc      -rdynamic CMakeFiles/cmTC_ec0cd.dir/CheckSymbolExists.c.o  -o cmTC_ec0cd 
CMakeFiles/cmTC_ec0cd.dir/CheckSymbolExists.c.o: In function `main':
CheckSymbolExists.c:(.text+0x1b): undefined reference to `pthread_create'
collect2: error: ld returned 1 exit status
CMakeFiles/cmTC_ec0cd.dir/build.make:97: recipe for target 'cmTC_ec0cd' failed
make[1]: *** [cmTC_ec0cd] Error 1
make[1]: Leaving directory '/home/saurav/Documents/Dev/TrinityBot/robot_ws/build/CMakeFiles/CMakeTmp'
Makefile:126: recipe for target 'cmTC_ec0cd/fast' failed
make: *** [cmTC_ec0cd/fast] Error 2

File /home/saurav/Documents/Dev/TrinityBot/robot_ws/build/CMakeFiles/CMakeTmp/CheckSymbolExists.c:
/* */
#include <pthread.h>

int main(int argc, char** argv)
{
  (void)argv;
#ifndef pthread_create
  return ((int*)(&pthread_create))[argc];
#else
  (void)argc;
  return 0;
#endif
}

Determining if the function pthread_create exists in the pthreads failed with the following output:
Change Dir: /home/saurav/Documents/Dev/TrinityBot/robot_ws/build/CMakeFiles/CMakeTmp

Run Build Command:"/usr/bin/make" "cmTC_b91a5/fast"
/usr/bin/make -f CMakeFiles/cmTC_b91a5.dir/build.make CMakeFiles/cmTC_b91a5.dir/build
make[1]: Entering directory '/home/saurav/Documents/Dev/TrinityBot/robot_ws/build/CMakeFiles/CMakeTmp'
Building C object CMakeFiles/cmTC_b91a5.dir/CheckFunctionExists.c.o
/usr/bin/cc   -DCHECK_FUNCTION_EXISTS=pthread_create   -o CMakeFiles/cmTC_b91a5.dir/CheckFunctionExists.c.o   -c /usr/share/cmake-3.10/Modules/CheckFunctionExists.c
Linking C executable cmTC_b91a5
/usr/bin/cmake -E cmake_link_script CMakeFiles/cmTC_b91a5.dir/link.txt --verbose=1
/usr/bin/cc  -DCHECK_FUNCTION_EXISTS=pthread_create    -rdynamic CMakeFiles/cmTC_b91a5.dir/CheckFunctionExists.c.o  -o cmTC_b91a5 -lpthreads 
/usr/bin/ld: cannot find -lpthreads
collect2: error: ld returned 1 exit status
CMakeFiles/cmTC_b91a5.dir/build.make:97: recipe for target 'cmTC_b91a5' failed
make[1]: *** [cmTC_b91a5] Error 1
make[1]: Leaving directory '/home/saurav/Documents/Dev/TrinityBot/robot_ws/build/CMakeFiles/CMakeTmp'
Makefile:126: recipe for target 'cmTC_b91a5/fast' failed
make: *** [cmTC_b91a5/fast] Error 2


